#! /usr/share/iverilog-0.9.7/bin/vvp
:ivl_version "0.9.7 " "(v0_9_6)";
:vpi_time_precision - 12;
:vpi_module "system";
:vpi_module "v2005_math";
:vpi_module "va_math";
S_0x245d690 .scope module, "seven_segment_decoder_tb" "seven_segment_decoder_tb" 2 3;
 .timescale -9 -12;
v0x246f9a0_0 .var "digit", 3 0;
v0x246fa70_0 .net "segment", 6 0, v0x246f900_0; 1 drivers
S_0x245d780 .scope module, "uut" "seven_segment_decoder" 2 12, 3 1, S_0x245d690;
 .timescale 0 0;
v0x243abe0_0 .net "digit", 3 0, v0x246f9a0_0; 1 drivers
v0x246f900_0 .var "segment", 6 0;
E_0x2438d00 .event edge, v0x243abe0_0;
    .scope S_0x245d780;
T_0 ;
    %wait E_0x2438d00;
    %load/v 8, v0x243abe0_0, 4;
    %cmpi/u 8, 0, 4;
    %jmp/1 T_0.0, 6;
    %cmpi/u 8, 1, 4;
    %jmp/1 T_0.1, 6;
    %cmpi/u 8, 2, 4;
    %jmp/1 T_0.2, 6;
    %cmpi/u 8, 3, 4;
    %jmp/1 T_0.3, 6;
    %cmpi/u 8, 4, 4;
    %jmp/1 T_0.4, 6;
    %cmpi/u 8, 5, 4;
    %jmp/1 T_0.5, 6;
    %cmpi/u 8, 6, 4;
    %jmp/1 T_0.6, 6;
    %cmpi/u 8, 7, 4;
    %jmp/1 T_0.7, 6;
    %cmpi/u 8, 8, 4;
    %jmp/1 T_0.8, 6;
    %cmpi/u 8, 9, 4;
    %jmp/1 T_0.9, 6;
    %set/v v0x246f900_0, 1, 7;
    %jmp T_0.11;
T_0.0 ;
    %movi 8, 64, 7;
    %set/v v0x246f900_0, 8, 7;
    %jmp T_0.11;
T_0.1 ;
    %movi 8, 121, 7;
    %set/v v0x246f900_0, 8, 7;
    %jmp T_0.11;
T_0.2 ;
    %movi 8, 36, 7;
    %set/v v0x246f900_0, 8, 7;
    %jmp T_0.11;
T_0.3 ;
    %movi 8, 48, 7;
    %set/v v0x246f900_0, 8, 7;
    %jmp T_0.11;
T_0.4 ;
    %movi 8, 25, 7;
    %set/v v0x246f900_0, 8, 7;
    %jmp T_0.11;
T_0.5 ;
    %movi 8, 18, 7;
    %set/v v0x246f900_0, 8, 7;
    %jmp T_0.11;
T_0.6 ;
    %movi 8, 2, 7;
    %set/v v0x246f900_0, 8, 7;
    %jmp T_0.11;
T_0.7 ;
    %movi 8, 120, 7;
    %set/v v0x246f900_0, 8, 7;
    %jmp T_0.11;
T_0.8 ;
    %set/v v0x246f900_0, 0, 7;
    %jmp T_0.11;
T_0.9 ;
    %movi 8, 16, 7;
    %set/v v0x246f900_0, 8, 7;
    %jmp T_0.11;
T_0.11 ;
    %jmp T_0;
    .thread T_0, $push;
    .scope S_0x245d690;
T_1 ;
    %set/v v0x246f9a0_0, 0, 4;
    %vpi_call 2 22 "$dumpfile", "seven_segment_decoder.vcd";
    %vpi_call 2 23 "$dumpvars", 1'sb0, S_0x245d690;
    %delay 20000, 0;
    %set/v v0x246f9a0_0, 0, 4;
    %delay 10000, 0;
    %movi 8, 1, 4;
    %set/v v0x246f9a0_0, 8, 4;
    %delay 10000, 0;
    %movi 8, 2, 4;
    %set/v v0x246f9a0_0, 8, 4;
    %delay 10000, 0;
    %movi 8, 3, 4;
    %set/v v0x246f9a0_0, 8, 4;
    %delay 10000, 0;
    %movi 8, 4, 4;
    %set/v v0x246f9a0_0, 8, 4;
    %delay 10000, 0;
    %movi 8, 5, 4;
    %set/v v0x246f9a0_0, 8, 4;
    %delay 10000, 0;
    %movi 8, 6, 4;
    %set/v v0x246f9a0_0, 8, 4;
    %delay 10000, 0;
    %movi 8, 7, 4;
    %set/v v0x246f9a0_0, 8, 4;
    %delay 10000, 0;
    %movi 8, 8, 4;
    %set/v v0x246f9a0_0, 8, 4;
    %delay 10000, 0;
    %movi 8, 9, 4;
    %set/v v0x246f9a0_0, 8, 4;
    %delay 10000, 0;
    %vpi_call 2 41 "$finish";
    %end;
    .thread T_1;
# The file index is used to find the file name in the following table.
:file_names 4;
    "N/A";
    "<interactive>";
    "testbench.sv";
    "design.sv";
