#! /usr/share/iverilog-0.9.7/bin/vvp
:ivl_version "0.9.7 " "(v0_9_6)";
:vpi_time_precision - 12;
:vpi_module "system";
:vpi_module "v2005_math";
:vpi_module "va_math";
S_0x154f860 .scope module, "accumulator_tb" "accumulator_tb" 2 3;
 .timescale -9 -12;
P_0x15509e8 .param/l "PERIOD" 2 6, +C4<01010>;
v0x15621b0_0 .net "acc", 15 0, v0x154fa40_0; 1 drivers
v0x1562280_0 .var "add_sub", 0 0;
v0x1562330_0 .var "clk", 0 0;
v0x15623e0_0 .var "data_in", 7 0;
v0x15624c0_0 .var "rst", 0 0;
S_0x154f950 .scope module, "Acc" "accumulator" 2 14, 3 1, S_0x154f860;
 .timescale 0 0;
v0x154fa40_0 .var "acc", 15 0;
v0x1561f20_0 .net "add_sub", 0 0, v0x1562280_0; 1 drivers
v0x1561fc0_0 .net "clk", 0 0, v0x1562330_0; 1 drivers
v0x1562060_0 .net "data_in", 7 0, v0x15623e0_0; 1 drivers
v0x1562110_0 .net "rst", 0 0, v0x15624c0_0; 1 drivers
E_0x152c250 .event posedge, v0x1562110_0, v0x1561fc0_0;
    .scope S_0x154f950;
T_0 ;
    %wait E_0x152c250;
    %load/v 8, v0x1562110_0, 1;
    %jmp/0xz  T_0.0, 8;
    %ix/load 0, 16, 0;
    %assign/v0 v0x154fa40_0, 0, 0;
    %jmp T_0.1;
T_0.0 ;
    %load/v 8, v0x1561f20_0, 1;
    %jmp/0xz  T_0.2, 8;
    %load/v 8, v0x154fa40_0, 16;
    %load/v 24, v0x1562060_0, 8;
    %mov 32, 0, 8;
    %sub 8, 24, 16;
    %ix/load 0, 16, 0;
    %assign/v0 v0x154fa40_0, 0, 8;
    %jmp T_0.3;
T_0.2 ;
    %load/v 8, v0x154fa40_0, 16;
    %load/v 24, v0x1562060_0, 8;
    %mov 32, 0, 8;
    %add 8, 24, 16;
    %ix/load 0, 16, 0;
    %assign/v0 v0x154fa40_0, 0, 8;
T_0.3 ;
T_0.1 ;
    %jmp T_0;
    .thread T_0;
    .scope S_0x154f860;
T_1 ;
    %set/v v0x1562330_0, 0, 1;
    %end;
    .thread T_1;
    .scope S_0x154f860;
T_2 ;
    %set/v v0x15624c0_0, 1, 1;
    %end;
    .thread T_2;
    .scope S_0x154f860;
T_3 ;
    %set/v v0x1562280_0, 0, 1;
    %end;
    .thread T_3;
    .scope S_0x154f860;
T_4 ;
    %set/v v0x15623e0_0, 0, 8;
    %end;
    .thread T_4;
    .scope S_0x154f860;
T_5 ;
    %delay 5000, 0;
    %load/v 8, v0x1562330_0, 1;
    %inv 8, 1;
    %set/v v0x1562330_0, 8, 1;
    %jmp T_5;
    .thread T_5;
    .scope S_0x154f860;
T_6 ;
    %vpi_call 2 27 "$dumpfile", "accumulator_tb.vcd";
    %vpi_call 2 28 "$dumpvars", 1'sb0, S_0x154f860;
    %delay 10000, 0;
    %set/v v0x15624c0_0, 0, 1;
    %delay 10000, 0;
    %movi 8, 5, 8;
    %set/v v0x15623e0_0, 8, 8;
    %set/v v0x1562280_0, 0, 1;
    %delay 10000, 0;
    %movi 8, 10, 8;
    %set/v v0x15623e0_0, 8, 8;
    %delay 10000, 0;
    %movi 8, 3, 8;
    %set/v v0x15623e0_0, 8, 8;
    %set/v v0x1562280_0, 1, 1;
    %delay 10000, 0;
    %movi 8, 4, 8;
    %set/v v0x15623e0_0, 8, 8;
    %delay 10000, 0;
    %vpi_call 2 51 "$finish";
    %end;
    .thread T_6;
# The file index is used to find the file name in the following table.
:file_names 4;
    "N/A";
    "<interactive>";
    "testbench.sv";
    "design.sv";
