#! /usr/share/iverilog-0.9.7/bin/vvp
:ivl_version "0.9.7 " "(v0_9_6)";
:vpi_time_precision + 0;
:vpi_module "system";
:vpi_module "v2005_math";
:vpi_module "va_math";
S_0x1f2cbd0 .scope module, "ALU_tb" "ALU_tb" 2 1;
 .timescale 0 0;
v0x1f411b0_0 .var "opcode", 2 0;
v0x1f41280_0 .var "operand_a", 3 0;
v0x1f41330_0 .var "operand_b", 3 0;
v0x1f413e0_0 .net "result", 3 0, v0x1f41100_0; 1 drivers
S_0x1f2ccc0 .scope module, "dut" "ALU" 2 8, 3 1, S_0x1f2cbd0;
 .timescale 0 0;
v0x1f2cdb0_0 .net "opcode", 2 0, v0x1f411b0_0; 1 drivers
v0x1f40fc0_0 .net "operand_a", 3 0, v0x1f41280_0; 1 drivers
v0x1f41060_0 .net "operand_b", 3 0, v0x1f41330_0; 1 drivers
v0x1f41100_0 .var "result", 3 0;
E_0x1f04e90 .event edge, v0x1f2cdb0_0, v0x1f40fc0_0, v0x1f41060_0;
    .scope S_0x1f2ccc0;
T_0 ;
    %wait E_0x1f04e90;
    %load/v 8, v0x1f2cdb0_0, 3;
    %cmpi/u 8, 0, 3;
    %jmp/1 T_0.0, 6;
    %cmpi/u 8, 1, 3;
    %jmp/1 T_0.1, 6;
    %cmpi/u 8, 2, 3;
    %jmp/1 T_0.2, 6;
    %cmpi/u 8, 3, 3;
    %jmp/1 T_0.3, 6;
    %cmpi/u 8, 4, 3;
    %jmp/1 T_0.4, 6;
    %cmpi/u 8, 5, 3;
    %jmp/1 T_0.5, 6;
    %cmpi/u 8, 6, 3;
    %jmp/1 T_0.6, 6;
    %set/v v0x1f41100_0, 0, 4;
    %jmp T_0.8;
T_0.0 ;
    %load/v 8, v0x1f40fc0_0, 4;
    %load/v 12, v0x1f41060_0, 4;
    %add 8, 12, 4;
    %set/v v0x1f41100_0, 8, 4;
    %jmp T_0.8;
T_0.1 ;
    %load/v 8, v0x1f40fc0_0, 4;
    %load/v 12, v0x1f41060_0, 4;
    %sub 8, 12, 4;
    %set/v v0x1f41100_0, 8, 4;
    %jmp T_0.8;
T_0.2 ;
    %load/v 8, v0x1f40fc0_0, 4;
    %load/v 12, v0x1f41060_0, 4;
    %and 8, 12, 4;
    %set/v v0x1f41100_0, 8, 4;
    %jmp T_0.8;
T_0.3 ;
    %load/v 8, v0x1f40fc0_0, 4;
    %load/v 12, v0x1f41060_0, 4;
    %or 8, 12, 4;
    %set/v v0x1f41100_0, 8, 4;
    %jmp T_0.8;
T_0.4 ;
    %load/v 8, v0x1f40fc0_0, 4;
    %load/v 12, v0x1f41060_0, 4;
    %xor 8, 12, 4;
    %set/v v0x1f41100_0, 8, 4;
    %jmp T_0.8;
T_0.5 ;
    %load/v 8, v0x1f40fc0_0, 4;
    %ix/load 0, 1, 0;
    %mov 4, 0, 1;
    %shiftl/i0  8, 4;
    %set/v v0x1f41100_0, 8, 4;
    %jmp T_0.8;
T_0.6 ;
    %load/v 8, v0x1f40fc0_0, 4;
    %ix/load 0, 1, 0;
    %mov 4, 0, 1;
    %shiftr/i0  8, 4;
    %set/v v0x1f41100_0, 8, 4;
    %jmp T_0.8;
T_0.8 ;
    %jmp T_0;
    .thread T_0, $push;
    .scope S_0x1f2cbd0;
T_1 ;
    %vpi_call 2 17 "$dumpfile", "ALU_tb.vcd";
    %vpi_call 2 18 "$dumpvars", 1'sb0, S_0x1f2cbd0;
    %movi 8, 10, 4;
    %set/v v0x1f41280_0, 8, 4;
    %movi 8, 3, 4;
    %set/v v0x1f41330_0, 8, 4;
    %set/v v0x1f411b0_0, 0, 3;
    %delay 10, 0;
    %vpi_call 2 25 "$display", "Addition: %b + %b = %b", v0x1f41280_0, v0x1f41330_0, v0x1f413e0_0;
    %movi 8, 10, 4;
    %set/v v0x1f41280_0, 8, 4;
    %movi 8, 3, 4;
    %set/v v0x1f41330_0, 8, 4;
    %movi 8, 1, 3;
    %set/v v0x1f411b0_0, 8, 3;
    %delay 10, 0;
    %vpi_call 2 32 "$display", "Subtraction: %b - %b = %b", v0x1f41280_0, v0x1f41330_0, v0x1f413e0_0;
    %movi 8, 10, 4;
    %set/v v0x1f41280_0, 8, 4;
    %movi 8, 3, 4;
    %set/v v0x1f41330_0, 8, 4;
    %movi 8, 2, 3;
    %set/v v0x1f411b0_0, 8, 3;
    %delay 10, 0;
    %vpi_call 2 39 "$display", "Bitwise AND: %b & %b = %b", v0x1f41280_0, v0x1f41330_0, v0x1f413e0_0;
    %movi 8, 10, 4;
    %set/v v0x1f41280_0, 8, 4;
    %movi 8, 3, 4;
    %set/v v0x1f41330_0, 8, 4;
    %movi 8, 3, 3;
    %set/v v0x1f411b0_0, 8, 3;
    %delay 10, 0;
    %vpi_call 2 46 "$display", "Bitwise OR: %b | %b = %b", v0x1f41280_0, v0x1f41330_0, v0x1f413e0_0;
    %movi 8, 10, 4;
    %set/v v0x1f41280_0, 8, 4;
    %movi 8, 3, 4;
    %set/v v0x1f41330_0, 8, 4;
    %movi 8, 4, 3;
    %set/v v0x1f411b0_0, 8, 3;
    %delay 10, 0;
    %vpi_call 2 53 "$display", "Bitwise XOR: %b ^ %b = %b", v0x1f41280_0, v0x1f41330_0, v0x1f413e0_0;
    %movi 8, 10, 4;
    %set/v v0x1f41280_0, 8, 4;
    %set/v v0x1f41330_0, 0, 4;
    %movi 8, 5, 3;
    %set/v v0x1f411b0_0, 8, 3;
    %delay 10, 0;
    %vpi_call 2 60 "$display", "Left shift: %b << 1 = %b", v0x1f41280_0, v0x1f413e0_0;
    %movi 8, 10, 4;
    %set/v v0x1f41280_0, 8, 4;
    %set/v v0x1f41330_0, 0, 4;
    %movi 8, 6, 3;
    %set/v v0x1f411b0_0, 8, 3;
    %delay 10, 0;
    %vpi_call 2 67 "$display", "Right shift: %b >> 1 = %b", v0x1f41280_0, v0x1f413e0_0;
    %vpi_call 2 70 "$finish";
    %end;
    .thread T_1;
# The file index is used to find the file name in the following table.
:file_names 4;
    "N/A";
    "<interactive>";
    "design.sv";
    "testbench.sv";
