#! /usr/share/iverilog-0.9.7/bin/vvp
:ivl_version "0.9.7 " "(v0_9_6)";
:vpi_time_precision - 12;
:vpi_module "system";
:vpi_module "v2005_math";
:vpi_module "va_math";
S_0x1600900 .scope module, "accumulator_tb" "accumulator_tb" 2 3;
 .timescale -9 -12;
P_0x1601258 .param/l "PERIOD" 2 6, +C4<01010>;
v0x1612c70_0 .net "acc", 15 0, v0x1600b50_0; 1 drivers
v0x1612d40_0 .var "add_sub", 0 0;
v0x1612df0_0 .var "clk", 0 0;
v0x1612ea0_0 .var "data_in", 7 0;
v0x1612f80_0 .var "rst", 0 0;
S_0x16009f0 .scope module, "Acc" "accumulator" 2 14, 3 2, S_0x1600900;
 .timescale 0 0;
v0x1600b50_0 .var "acc", 15 0;
v0x16129e0_0 .net "add_sub", 0 0, v0x1612d40_0; 1 drivers
v0x1612a80_0 .net "clk", 0 0, v0x1612df0_0; 1 drivers
v0x1612b20_0 .net "data_in", 7 0, v0x1612ea0_0; 1 drivers
v0x1612bd0_0 .net "rst", 0 0, v0x1612f80_0; 1 drivers
E_0x15dcdd0 .event posedge, v0x1612bd0_0, v0x1612a80_0;
    .scope S_0x16009f0;
T_0 ;
    %wait E_0x15dcdd0;
    %load/v 8, v0x1612bd0_0, 1;
    %jmp/0xz  T_0.0, 8;
    %ix/load 0, 16, 0;
    %assign/v0 v0x1600b50_0, 0, 0;
    %jmp T_0.1;
T_0.0 ;
    %load/v 8, v0x16129e0_0, 1;
    %jmp/0xz  T_0.2, 8;
    %load/v 8, v0x1600b50_0, 16;
    %load/v 24, v0x1612b20_0, 8;
    %mov 32, 0, 8;
    %sub 8, 24, 16;
    %ix/load 0, 16, 0;
    %assign/v0 v0x1600b50_0, 0, 8;
    %jmp T_0.3;
T_0.2 ;
    %load/v 8, v0x1600b50_0, 16;
    %load/v 24, v0x1612b20_0, 8;
    %mov 32, 0, 8;
    %add 8, 24, 16;
    %ix/load 0, 16, 0;
    %assign/v0 v0x1600b50_0, 0, 8;
T_0.3 ;
T_0.1 ;
    %jmp T_0;
    .thread T_0;
    .scope S_0x1600900;
T_1 ;
    %delay 5000, 0;
    %load/v 8, v0x1612df0_0, 1;
    %inv 8, 1;
    %set/v v0x1612df0_0, 8, 1;
    %jmp T_1;
    .thread T_1;
    .scope S_0x1600900;
T_2 ;
    %vpi_call 2 27 "$dumpfile", "accumulator_tb.vcd";
    %vpi_call 2 28 "$dumpvars", 1'sb0, S_0x1600900;
    %set/v v0x1612f80_0, 1, 1;
    %set/v v0x1612d40_0, 0, 1;
    %set/v v0x1612ea0_0, 0, 8;
    %delay 10000, 0;
    %set/v v0x1612f80_0, 0, 1;
    %delay 10000, 0;
    %movi 8, 5, 8;
    %set/v v0x1612ea0_0, 8, 8;
    %set/v v0x1612d40_0, 0, 1;
    %delay 10000, 0;
    %movi 8, 10, 8;
    %set/v v0x1612ea0_0, 8, 8;
    %delay 10000, 0;
    %movi 8, 3, 8;
    %set/v v0x1612ea0_0, 8, 8;
    %set/v v0x1612d40_0, 1, 1;
    %delay 10000, 0;
    %movi 8, 4, 8;
    %set/v v0x1612ea0_0, 8, 8;
    %delay 10000, 0;
    %vpi_call 2 54 "$finish";
    %end;
    .thread T_2;
# The file index is used to find the file name in the following table.
:file_names 4;
    "N/A";
    "<interactive>";
    "testbench.sv";
    "design.sv";
