#! /usr/share/iverilog-0.9.7/bin/vvp
:ivl_version "0.9.7 " "(v0_9_6)";
:vpi_time_precision + 0;
:vpi_module "system";
:vpi_module "v2005_math";
:vpi_module "va_math";
S_0xaab650 .scope module, "fifo_tb" "fifo_tb" 2 2;
 .timescale 0 0;
P_0xaab748 .param/l "CLK_PERIOD" 2 4, +C4<01010>;
P_0xaab770 .param/l "TEST_CASES" 2 5, +C4<01010>;
v0xac1e10_0 .var "clk", 0 0;
v0xac1eb0_0 .var "data_in", 7 0;
v0xac1f60_0 .net "data_out", 7 0, v0xac1790_0; 1 drivers
v0xac2010_0 .net "empty", 0 0, v0xac1830_0; 1 drivers
v0xac20f0_0 .net "full", 0 0, v0xac18e0_0; 1 drivers
v0xac21a0_0 .var "rd_en", 0 0;
v0xac2220_0 .var "rst", 0 0;
v0xac22d0_0 .var "wr_en", 0 0;
S_0xa99d40 .scope module, "dut" "fifo" 2 16, 3 2, S_0xaab650;
 .timescale 0 0;
P_0xaa8778 .param/l "DEPTH" 3 13, +C4<01000>;
v0xa99e30_0 .net "clk", 0 0, v0xac1e10_0; 1 drivers
v0xac16f0_0 .net "data_in", 7 0, v0xac1eb0_0; 1 drivers
v0xac1790_0 .var "data_out", 7 0;
v0xac1830_0 .var "empty", 0 0;
v0xac18e0_0 .var "full", 0 0;
v0xac1980 .array "memory", 7 0, 7 0;
v0xac1a40_0 .net "rd_en", 0 0, v0xac21a0_0; 1 drivers
v0xac1ae0_0 .var "rd_ptr", 3 0;
v0xac1bd0_0 .net "rst", 0 0, v0xac2220_0; 1 drivers
v0xac1c70_0 .net "wr_en", 0 0, v0xac22d0_0; 1 drivers
v0xac1d70_0 .var "wr_ptr", 3 0;
E_0xa98220 .event posedge, v0xac1bd0_0, v0xa99e30_0;
    .scope S_0xa99d40;
T_0 ;
    %set/v v0xac1d70_0, 0, 4;
    %end;
    .thread T_0;
    .scope S_0xa99d40;
T_1 ;
    %set/v v0xac1ae0_0, 0, 4;
    %end;
    .thread T_1;
    .scope S_0xa99d40;
T_2 ;
    %wait E_0xa98220;
    %load/v 8, v0xac1bd0_0, 1;
    %jmp/0xz  T_2.0, 8;
    %ix/load 0, 4, 0;
    %assign/v0 v0xac1d70_0, 0, 0;
    %ix/load 0, 4, 0;
    %assign/v0 v0xac1ae0_0, 0, 0;
    %ix/load 0, 1, 0;
    %assign/v0 v0xac1830_0, 0, 1;
    %ix/load 0, 1, 0;
    %assign/v0 v0xac18e0_0, 0, 0;
    %ix/load 0, 8, 0;
    %assign/v0 v0xac1790_0, 0, 0;
    %jmp T_2.1;
T_2.0 ;
    %load/v 8, v0xac1c70_0, 1;
    %load/v 9, v0xac18e0_0, 1;
    %inv 9, 1;
    %and 8, 9, 1;
    %jmp/0xz  T_2.2, 8;
    %load/v 8, v0xac16f0_0, 8;
    %ix/getv 3, v0xac1d70_0;
    %jmp/1 t_0, 4;
    %ix/load 0, 8, 0; word width
    %ix/load 1, 0, 0; part off
    %assign/av v0xac1980, 0, 8;
t_0 ;
    %load/v 8, v0xac1d70_0, 4;
    %mov 12, 0, 28;
    %addi 8, 1, 32;
    %ix/load 0, 4, 0;
    %assign/v0 v0xac1d70_0, 0, 8;
    %load/v 8, v0xac1d70_0, 4;
    %mov 12, 0, 2;
    %cmpi/u 8, 8, 6;
    %jmp/0xz  T_2.4, 4;
    %ix/load 0, 4, 0;
    %assign/v0 v0xac1d70_0, 0, 0;
T_2.4 ;
    %ix/load 0, 1, 0;
    %assign/v0 v0xac1830_0, 0, 0;
    %load/v 8, v0xac1d70_0, 4;
    %load/v 12, v0xac1ae0_0, 4;
    %cmp/u 8, 12, 4;
    %jmp/0xz  T_2.6, 4;
    %ix/load 0, 1, 0;
    %assign/v0 v0xac18e0_0, 0, 1;
T_2.6 ;
T_2.2 ;
    %load/v 8, v0xac1a40_0, 1;
    %load/v 9, v0xac1830_0, 1;
    %inv 9, 1;
    %and 8, 9, 1;
    %jmp/0xz  T_2.8, 8;
    %ix/getv 3, v0xac1ae0_0;
    %load/av 8, v0xac1980, 8;
    %ix/load 0, 8, 0;
    %assign/v0 v0xac1790_0, 0, 8;
    %load/v 8, v0xac1ae0_0, 4;
    %mov 12, 0, 28;
    %addi 8, 1, 32;
    %ix/load 0, 4, 0;
    %assign/v0 v0xac1ae0_0, 0, 8;
    %load/v 8, v0xac1ae0_0, 4;
    %mov 12, 0, 2;
    %cmpi/u 8, 8, 6;
    %jmp/0xz  T_2.10, 4;
    %ix/load 0, 4, 0;
    %assign/v0 v0xac1ae0_0, 0, 0;
T_2.10 ;
    %ix/load 0, 1, 0;
    %assign/v0 v0xac18e0_0, 0, 0;
    %load/v 8, v0xac1ae0_0, 4;
    %load/v 12, v0xac1d70_0, 4;
    %cmp/u 8, 12, 4;
    %jmp/0xz  T_2.12, 4;
    %ix/load 0, 1, 0;
    %assign/v0 v0xac1830_0, 0, 1;
T_2.12 ;
T_2.8 ;
T_2.1 ;
    %jmp T_2;
    .thread T_2;
    .scope S_0xaab650;
T_3 ;
    %vpi_call 2 28 "$dumpfile", "fifo_tb.vcd";
    %vpi_call 2 29 "$dumpvars", 1'sb0, S_0xaab650;
    %set/v v0xac1e10_0, 0, 1;
T_3.0 ;
    %delay 5, 0;
    %load/v 8, v0xac1e10_0, 1;
    %inv 8, 1;
    %set/v v0xac1e10_0, 8, 1;
    %jmp T_3.0;
    %end;
    .thread T_3;
    .scope S_0xaab650;
T_4 ;
    %set/v v0xac2220_0, 1, 1;
    %set/v v0xac22d0_0, 0, 1;
    %set/v v0xac21a0_0, 0, 1;
    %set/v v0xac1eb0_0, 0, 8;
    %delay 100, 0;
    %set/v v0xac2220_0, 0, 1;
    %delay 10, 0;
    %movi 8, 10, 5;
T_4.0 %cmp/s 0, 8, 5;
    %jmp/0xz T_4.1, 5;
    %add 8, 1, 5;
    %set/v v0xac22d0_0, 1, 1;
    %vpi_func 2 45 "$random", 13, 32;
    %set/v v0xac1eb0_0, 13, 8;
    %delay 20, 0;
    %set/v v0xac22d0_0, 0, 1;
    %set/v v0xac21a0_0, 1, 1;
    %delay 20, 0;
    %set/v v0xac21a0_0, 0, 1;
    %jmp T_4.0;
T_4.1 ;
    %vpi_call 2 53 "$finish";
    %end;
    .thread T_4;
# The file index is used to find the file name in the following table.
:file_names 4;
    "N/A";
    "<interactive>";
    "design.sv";
    "testbench.sv";
