#! /usr/share/iverilog-0.9.7/bin/vvp
:ivl_version "0.9.7 " "(v0_9_6)";
:vpi_time_precision - 12;
:vpi_module "system";
:vpi_module "v2005_math";
:vpi_module "va_math";
S_0x13bc170 .scope module, "signed_mult_div_tb" "signed_mult_div_tb" 2 3;
 .timescale -9 -12;
v0x13d0880_0 .var/s "a", 7 0;
v0x13d0950_0 .var/s "b", 7 0;
v0x13d0a00_0 .net/s "div", 7 0, v0x13d0690_0; 1 drivers
v0x13d0ab0_0 .net "div_by_zero", 0 0, v0x13d0730_0; 1 drivers
v0x13d0b90_0 .net/s "mult", 15 0, v0x13d07e0_0; 1 drivers
S_0x13bc260 .scope module, "uut" "signed_mult_div" 2 10, 3 1, S_0x13bc170;
 .timescale 0 0;
v0x13aa940_0 .net/s "a", 7 0, v0x13d0880_0; 1 drivers
v0x13d05f0_0 .net/s "b", 7 0, v0x13d0950_0; 1 drivers
v0x13d0690_0 .var/s "div", 7 0;
v0x13d0730_0 .var "div_by_zero", 0 0;
v0x13d07e0_0 .var/s "mult", 15 0;
E_0x1398010 .event edge, v0x13aa940_0, v0x13d05f0_0;
    .scope S_0x13bc260;
T_0 ;
    %wait E_0x1398010;
    %load/v 8, v0x13aa940_0, 8;
    %mov 16, 15, 1;
    %mov 17, 15, 1;
    %mov 18, 15, 1;
    %mov 19, 15, 1;
    %mov 20, 15, 1;
    %mov 21, 15, 1;
    %mov 22, 15, 1;
    %mov 23, 15, 1;
    %load/v 24, v0x13d05f0_0, 8;
    %mov 32, 31, 1;
    %mov 33, 31, 1;
    %mov 34, 31, 1;
    %mov 35, 31, 1;
    %mov 36, 31, 1;
    %mov 37, 31, 1;
    %mov 38, 31, 1;
    %mov 39, 31, 1;
    %mul 8, 24, 16;
    %set/v v0x13d07e0_0, 8, 16;
    %load/v 8, v0x13d05f0_0, 8;
    %mov 16, 15, 1;
    %cmpi/u 8, 0, 9;
    %inv 4, 1;
    %jmp/0xz  T_0.0, 4;
    %load/v 8, v0x13aa940_0, 8;
    %load/v 16, v0x13d05f0_0, 8;
    %div/s 8, 16, 8;
    %set/v v0x13d0690_0, 8, 8;
    %set/v v0x13d0730_0, 0, 1;
    %jmp T_0.1;
T_0.0 ;
    %set/v v0x13d0690_0, 0, 8;
    %set/v v0x13d0730_0, 1, 1;
T_0.1 ;
    %jmp T_0;
    .thread T_0, $push;
    .scope S_0x13bc170;
T_1 ;
    %set/v v0x13d0880_0, 0, 8;
    %set/v v0x13d0950_0, 0, 8;
    %vpi_call 2 24 "$dumpfile", "signed_mult_div.vcd";
    %vpi_call 2 25 "$dumpvars", 1'sb0, S_0x13bc170;
    %delay 10000, 0;
    %movi 8, 127, 8;
    %set/v v0x13d0880_0, 8, 8;
    %movi 8, 127, 8;
    %set/v v0x13d0950_0, 8, 8;
    %delay 10000, 0;
    %movi 8, 128, 8;
    %set/v v0x13d0880_0, 8, 8;
    %movi 8, 127, 8;
    %set/v v0x13d0950_0, 8, 8;
    %delay 10000, 0;
    %movi 8, 127, 8;
    %set/v v0x13d0880_0, 8, 8;
    %movi 8, 128, 8;
    %set/v v0x13d0950_0, 8, 8;
    %delay 10000, 0;
    %movi 8, 128, 8;
    %set/v v0x13d0880_0, 8, 8;
    %movi 8, 128, 8;
    %set/v v0x13d0950_0, 8, 8;
    %delay 10000, 0;
    %movi 8, 10, 8;
    %set/v v0x13d0880_0, 8, 8;
    %movi 8, 5, 8;
    %set/v v0x13d0950_0, 8, 8;
    %delay 10000, 0;
    %movi 8, 246, 8;
    %set/v v0x13d0880_0, 8, 8;
    %movi 8, 5, 8;
    %set/v v0x13d0950_0, 8, 8;
    %delay 10000, 0;
    %movi 8, 10, 8;
    %set/v v0x13d0880_0, 8, 8;
    %movi 8, 251, 8;
    %set/v v0x13d0950_0, 8, 8;
    %delay 10000, 0;
    %movi 8, 246, 8;
    %set/v v0x13d0880_0, 8, 8;
    %movi 8, 251, 8;
    %set/v v0x13d0950_0, 8, 8;
    %delay 10000, 0;
    %movi 8, 10, 8;
    %set/v v0x13d0880_0, 8, 8;
    %set/v v0x13d0950_0, 0, 8;
    %delay 10000, 0;
    %set/v v0x13d0880_0, 0, 8;
    %movi 8, 246, 8;
    %set/v v0x13d0950_0, 8, 8;
    %delay 10000, 0;
    %vpi_call 2 39 "$finish";
    %end;
    .thread T_1;
# The file index is used to find the file name in the following table.
:file_names 4;
    "N/A";
    "<interactive>";
    "testbench.sv";
    "design.sv";
