#! /usr/share/iverilog-0.9.7/bin/vvp
:ivl_version "0.9.7 " "(v0_9_6)";
:vpi_time_precision + 0;
:vpi_module "system";
:vpi_module "v2005_math";
:vpi_module "va_math";
S_0xd8a220 .scope module, "testbench" "testbench" 2 2;
 .timescale 0 0;
v0xda6080_0 .var "addr", 7 0;
v0xda6120_0 .var "clk", 0 0;
v0xda61d0_0 .var "data_in", 7 0;
v0xda6280_0 .net "data_out", 7 0, v0xda5e70_0; 1 drivers
v0xda6360_0 .var "we", 0 0;
S_0xd8a310 .scope module, "uut" "memory_module" 2 10, 3 2, S_0xd8a220;
 .timescale 0 0;
P_0xd8a808 .param/l "MEM_DEPTH" 3 11, +C4<0100000000>;
v0xd8a400_0 .net "addr", 7 0, v0xda6080_0; 1 drivers
v0xda5d30_0 .net "clk", 0 0, v0xda6120_0; 1 drivers
v0xda5dd0_0 .net "data_in", 7 0, v0xda61d0_0; 1 drivers
v0xda5e70_0 .var "data_out", 7 0;
v0xda5f20 .array "mem", 255 0, 7 0;
v0xda5fa0_0 .net "we", 0 0, v0xda6360_0; 1 drivers
E_0xd65010 .event posedge, v0xda5d30_0;
    .scope S_0xd8a310;
T_0 ;
    %wait E_0xd65010;
    %load/v 8, v0xda5fa0_0, 1;
    %jmp/0xz  T_0.0, 8;
    %load/v 8, v0xda5dd0_0, 8;
    %ix/getv 3, v0xd8a400_0;
    %jmp/1 t_0, 4;
    %ix/load 0, 8, 0; word width
    %ix/load 1, 0, 0; part off
    %assign/av v0xda5f20, 0, 8;
t_0 ;
T_0.0 ;
    %jmp T_0;
    .thread T_0;
    .scope S_0xd8a310;
T_1 ;
    %wait E_0xd65010;
    %load/v 8, v0xda5fa0_0, 1;
    %inv 8, 1;
    %jmp/0xz  T_1.0, 8;
    %ix/getv 3, v0xd8a400_0;
    %load/av 8, v0xda5f20, 8;
    %ix/load 0, 8, 0;
    %assign/v0 v0xda5e70_0, 0, 8;
T_1.0 ;
    %jmp T_1;
    .thread T_1;
    .scope S_0xd8a220;
T_2 ;
    %set/v v0xda6120_0, 0, 1;
T_2.0 ;
    %delay 2, 0;
    %load/v 8, v0xda6120_0, 1;
    %inv 8, 1;
    %set/v v0xda6120_0, 8, 1;
    %jmp T_2.0;
    %end;
    .thread T_2;
    .scope S_0xd8a220;
T_3 ;
    %set/v v0xda6360_0, 0, 1;
    %set/v v0xda6080_0, 0, 8;
    %set/v v0xda61d0_0, 0, 8;
    %vpi_call 2 32 "$dumpfile", "memory.vcd";
    %vpi_call 2 33 "$dumpvars", 1'sb0, S_0xd8a220;
    %delay 10, 0;
    %set/v v0xda6360_0, 1, 1;
    %set/v v0xda6080_0, 0, 8;
    %movi 8, 170, 8;
    %set/v v0xda61d0_0, 8, 8;
    %delay 10, 0;
    %set/v v0xda6360_0, 0, 1;
    %delay 10, 0;
    %set/v v0xda6360_0, 1, 1;
    %movi 8, 1, 8;
    %set/v v0xda6080_0, 8, 8;
    %movi 8, 187, 8;
    %set/v v0xda61d0_0, 8, 8;
    %delay 10, 0;
    %set/v v0xda6360_0, 0, 1;
    %delay 10, 0;
    %set/v v0xda6360_0, 1, 1;
    %movi 8, 2, 8;
    %set/v v0xda6080_0, 8, 8;
    %movi 8, 204, 8;
    %set/v v0xda61d0_0, 8, 8;
    %delay 10, 0;
    %set/v v0xda6360_0, 0, 1;
    %delay 10, 0;
    %set/v v0xda6360_0, 1, 1;
    %movi 8, 3, 8;
    %set/v v0xda6080_0, 8, 8;
    %movi 8, 221, 8;
    %set/v v0xda61d0_0, 8, 8;
    %delay 10, 0;
    %set/v v0xda6360_0, 0, 1;
    %delay 10, 0;
    %set/v v0xda6360_0, 1, 1;
    %movi 8, 4, 8;
    %set/v v0xda6080_0, 8, 8;
    %movi 8, 238, 8;
    %set/v v0xda61d0_0, 8, 8;
    %delay 10, 0;
    %set/v v0xda6360_0, 0, 1;
    %delay 10, 0;
    %set/v v0xda6360_0, 1, 1;
    %movi 8, 5, 8;
    %set/v v0xda6080_0, 8, 8;
    %set/v v0xda61d0_0, 1, 8;
    %delay 10, 0;
    %set/v v0xda6360_0, 0, 1;
    %delay 10, 0;
    %set/v v0xda6360_0, 1, 1;
    %movi 8, 6, 8;
    %set/v v0xda6080_0, 8, 8;
    %movi 8, 160, 8;
    %set/v v0xda61d0_0, 8, 8;
    %delay 10, 0;
    %set/v v0xda6360_0, 0, 1;
    %delay 10, 0;
    %set/v v0xda6360_0, 1, 1;
    %movi 8, 7, 8;
    %set/v v0xda6080_0, 8, 8;
    %movi 8, 176, 8;
    %set/v v0xda61d0_0, 8, 8;
    %delay 10, 0;
    %set/v v0xda6360_0, 0, 1;
    %delay 10, 0;
    %set/v v0xda6360_0, 1, 1;
    %movi 8, 8, 8;
    %set/v v0xda6080_0, 8, 8;
    %movi 8, 192, 8;
    %set/v v0xda61d0_0, 8, 8;
    %delay 10, 0;
    %set/v v0xda6360_0, 0, 1;
    %delay 10, 0;
    %set/v v0xda6080_0, 0, 8;
    %delay 10, 0;
    %movi 8, 1, 8;
    %set/v v0xda6080_0, 8, 8;
    %delay 10, 0;
    %movi 8, 2, 8;
    %set/v v0xda6080_0, 8, 8;
    %delay 10, 0;
    %movi 8, 3, 8;
    %set/v v0xda6080_0, 8, 8;
    %delay 10, 0;
    %movi 8, 4, 8;
    %set/v v0xda6080_0, 8, 8;
    %delay 10, 0;
    %movi 8, 5, 8;
    %set/v v0xda6080_0, 8, 8;
    %delay 10, 0;
    %movi 8, 6, 8;
    %set/v v0xda6080_0, 8, 8;
    %delay 10, 0;
    %movi 8, 7, 8;
    %set/v v0xda6080_0, 8, 8;
    %delay 10, 0;
    %movi 8, 8, 8;
    %set/v v0xda6080_0, 8, 8;
    %delay 10, 0;
    %movi 8, 9, 8;
    %set/v v0xda6080_0, 8, 8;
    %delay 10, 0;
    %movi 8, 10, 8;
    %set/v v0xda6080_0, 8, 8;
    %delay 10, 0;
    %movi 8, 11, 8;
    %set/v v0xda6080_0, 8, 8;
    %delay 10, 0;
    %movi 8, 12, 8;
    %set/v v0xda6080_0, 8, 8;
    %delay 10, 0;
    %movi 8, 13, 8;
    %set/v v0xda6080_0, 8, 8;
    %delay 10, 0;
    %vpi_call 2 92 "$finish";
    %end;
    .thread T_3;
# The file index is used to find the file name in the following table.
:file_names 4;
    "N/A";
    "<interactive>";
    "testbench.sv";
    "design.sv";
