#! /usr/share/iverilog-0.9.7/bin/vvp
:ivl_version "0.9.7 " "(v0_9_6)";
:vpi_time_precision + 0;
:vpi_module "system";
:vpi_module "v2005_math";
:vpi_module "va_math";
S_0xacf770 .scope module, "mux8_tb" "mux8_tb" 2 2;
 .timescale 0 0;
P_0xacf868 .param/l "CLK_PERIOD" 2 4, +C4<01010>;
P_0xacf890 .param/l "TEST_CASES" 2 5, +C4<01010>;
v0xae3660_0 .var "clk", 0 0;
v0xae3720_0 .var "data0", 7 0;
v0xae37a0_0 .var "data1", 7 0;
v0xae3850_0 .var "data2", 7 0;
v0xae3930_0 .var "data3", 7 0;
v0xae39e0_0 .var "data4", 7 0;
v0xae3a60_0 .var "data5", 7 0;
v0xae3b10_0 .var "data6", 7 0;
v0xae3bc0_0 .var "data7", 7 0;
v0xae3c70_0 .net "out", 7 0, v0xae34c0_0; 1 drivers
v0xae3d80_0 .var "sel", 2 0;
S_0xacf8c0 .scope module, "dut" "mux8" 2 12, 3 2, S_0xacf770;
 .timescale 0 0;
v0xacc220_0 .net "data0", 7 0, v0xae3720_0; 1 drivers
v0xae2fc0_0 .net "data1", 7 0, v0xae37a0_0; 1 drivers
v0xae3060_0 .net "data2", 7 0, v0xae3850_0; 1 drivers
v0xae3100_0 .net "data3", 7 0, v0xae3930_0; 1 drivers
v0xae31b0_0 .net "data4", 7 0, v0xae39e0_0; 1 drivers
v0xae3250_0 .net "data5", 7 0, v0xae3a60_0; 1 drivers
v0xae3330_0 .net "data6", 7 0, v0xae3b10_0; 1 drivers
v0xae33d0_0 .net "data7", 7 0, v0xae3bc0_0; 1 drivers
v0xae34c0_0 .var "out", 7 0;
v0xae3560_0 .net "sel", 2 0, v0xae3d80_0; 1 drivers
E_0xaab400/0 .event edge, v0xae3560_0, v0xacc220_0, v0xae2fc0_0, v0xae3060_0;
E_0xaab400/1 .event edge, v0xae3100_0, v0xae31b0_0, v0xae3250_0, v0xae3330_0;
E_0xaab400/2 .event edge, v0xae33d0_0;
E_0xaab400 .event/or E_0xaab400/0, E_0xaab400/1, E_0xaab400/2;
    .scope S_0xacf8c0;
T_0 ;
    %wait E_0xaab400;
    %load/v 8, v0xae3560_0, 3;
    %cmpi/u 8, 0, 3;
    %jmp/1 T_0.0, 6;
    %cmpi/u 8, 1, 3;
    %jmp/1 T_0.1, 6;
    %cmpi/u 8, 2, 3;
    %jmp/1 T_0.2, 6;
    %cmpi/u 8, 3, 3;
    %jmp/1 T_0.3, 6;
    %cmpi/u 8, 4, 3;
    %jmp/1 T_0.4, 6;
    %cmpi/u 8, 5, 3;
    %jmp/1 T_0.5, 6;
    %cmpi/u 8, 6, 3;
    %jmp/1 T_0.6, 6;
    %cmpi/u 8, 7, 3;
    %jmp/1 T_0.7, 6;
    %set/v v0xae34c0_0, 0, 8;
    %jmp T_0.9;
T_0.0 ;
    %load/v 8, v0xacc220_0, 8;
    %set/v v0xae34c0_0, 8, 8;
    %jmp T_0.9;
T_0.1 ;
    %load/v 8, v0xae2fc0_0, 8;
    %set/v v0xae34c0_0, 8, 8;
    %jmp T_0.9;
T_0.2 ;
    %load/v 8, v0xae3060_0, 8;
    %set/v v0xae34c0_0, 8, 8;
    %jmp T_0.9;
T_0.3 ;
    %load/v 8, v0xae3100_0, 8;
    %set/v v0xae34c0_0, 8, 8;
    %jmp T_0.9;
T_0.4 ;
    %load/v 8, v0xae31b0_0, 8;
    %set/v v0xae34c0_0, 8, 8;
    %jmp T_0.9;
T_0.5 ;
    %load/v 8, v0xae3250_0, 8;
    %set/v v0xae34c0_0, 8, 8;
    %jmp T_0.9;
T_0.6 ;
    %load/v 8, v0xae3330_0, 8;
    %set/v v0xae34c0_0, 8, 8;
    %jmp T_0.9;
T_0.7 ;
    %load/v 8, v0xae33d0_0, 8;
    %set/v v0xae34c0_0, 8, 8;
    %jmp T_0.9;
T_0.9 ;
    %jmp T_0;
    .thread T_0, $push;
    .scope S_0xacf770;
T_1 ;
    %vpi_call 2 26 "$dumpfile", "mux8_tb.vcd";
    %vpi_call 2 27 "$dumpvars", 1'sb0, S_0xacf770;
    %set/v v0xae3660_0, 0, 1;
T_1.0 ;
    %delay 5, 0;
    %load/v 8, v0xae3660_0, 1;
    %inv 8, 1;
    %set/v v0xae3660_0, 8, 1;
    %jmp T_1.0;
    %end;
    .thread T_1;
    .scope S_0xacf770;
T_2 ;
    %movi 8, 10, 5;
T_2.0 %cmp/s 0, 8, 5;
    %jmp/0xz T_2.1, 5;
    %add 8, 1, 5;
    %vpi_func 2 36 "$random", 13, 32;
    %set/v v0xae3720_0, 13, 8;
    %vpi_func 2 37 "$random", 13, 32;
    %set/v v0xae37a0_0, 13, 8;
    %vpi_func 2 38 "$random", 13, 32;
    %set/v v0xae3850_0, 13, 8;
    %vpi_func 2 39 "$random", 13, 32;
    %set/v v0xae3930_0, 13, 8;
    %vpi_func 2 40 "$random", 13, 32;
    %set/v v0xae39e0_0, 13, 8;
    %vpi_func 2 41 "$random", 13, 32;
    %set/v v0xae3a60_0, 13, 8;
    %vpi_func 2 42 "$random", 13, 32;
    %set/v v0xae3b10_0, 13, 8;
    %vpi_func 2 43 "$random", 13, 32;
    %set/v v0xae3bc0_0, 13, 8;
    %vpi_func 2 44 "$random", 13, 32;
    %movi 45, 8, 32;
    %mod/s 13, 45, 32;
    %set/v v0xae3d80_0, 13, 3;
    %delay 20, 0;
    %jmp T_2.0;
T_2.1 ;
    %vpi_call 2 47 "$finish";
    %end;
    .thread T_2;
# The file index is used to find the file name in the following table.
:file_names 4;
    "N/A";
    "<interactive>";
    "design.sv";
    "testbench.sv";
