#! /usr/share/iverilog-0.9.7/bin/vvp
:ivl_version "0.9.7 " "(v0_9_6)";
:vpi_time_precision - 12;
:vpi_module "system";
:vpi_module "v2005_math";
:vpi_module "va_math";
S_0x164fae0 .scope module, "uart_tb" "uart_tb" 2 3;
 .timescale -9 -12;
v0x16923f0_0 .var "clk", 0 0;
v0x16924e0_0 .var/i "i", 31 0;
v0x1692580_0 .var "reset", 0 0;
v0x1692650_0 .net "rx_data", 7 0, v0x1691940_0; 1 drivers
v0x16926d0_0 .net "rx_done", 0 0, v0x1691b30_0; 1 drivers
v0x1692780 .array "test_data", 0 9, 7 0;
v0x1692800_0 .var "transmit", 0 0;
v0x1692880_0 .net "tx", 0 0, v0x16922a0_0; 1 drivers
v0x16929a0_0 .net "tx_done", 0 0, v0x1692320_0; 1 drivers
E_0x164ed00 .event edge, v0x1691b30_0;
E_0x1664de0 .event edge, v0x1692320_0;
L_0x1692a20 .array/port v0x1692780, v0x16924e0_0;
S_0x1691cb0 .scope module, "tx_unit" "uart_tx" 2 16, 3 3, S_0x164fae0;
 .timescale -9 -12;
P_0x1691da8 .param/l "IDLE" 3 12, +C4<0>;
P_0x1691dd0 .param/l "SEND" 3 13, +C4<01>;
v0x1691ee0_0 .var "bit_index", 3 0;
v0x1691f80_0 .net "clk", 0 0, v0x16923f0_0; 1 drivers
v0x1692000_0 .net "data_in", 7 0, L_0x1692a20; 1 drivers
v0x1692080_0 .net "reset", 0 0, v0x1692580_0; 1 drivers
v0x1692160_0 .var "state", 1 0;
v0x16921e0_0 .net "transmit", 0 0, v0x1692800_0; 1 drivers
v0x16922a0_0 .var "tx", 0 0;
v0x1692320_0 .var "tx_done", 0 0;
S_0x1673800 .scope module, "rx_unit" "uart_rx" 2 25, 3 53, S_0x164fae0;
 .timescale -9 -12;
P_0x164f9f8 .param/l "IDLE" 3 61, +C4<0>;
P_0x164fa20 .param/l "RECEIVE" 3 62, +C4<01>;
v0x1670d00_0 .var "bit_index", 3 0;
v0x16918a0_0 .alias "clk", 0 0, v0x1691f80_0;
v0x1691940_0 .var "data_out", 7 0;
v0x16919e0_0 .alias "reset", 0 0, v0x1692080_0;
v0x1691a90_0 .alias "rx", 0 0, v0x1692880_0;
v0x1691b30_0 .var "rx_done", 0 0;
v0x1691c10_0 .var "state", 1 0;
E_0x1662b20 .event posedge, v0x16919e0_0, v0x16918a0_0;
    .scope S_0x1691cb0;
T_0 ;
    %wait E_0x1662b20;
    %load/v 8, v0x1692080_0, 1;
    %jmp/0xz  T_0.0, 8;
    %ix/load 0, 2, 0;
    %assign/v0 v0x1692160_0, 0, 0;
    %ix/load 0, 1, 0;
    %assign/v0 v0x16922a0_0, 0, 1;
    %ix/load 0, 1, 0;
    %assign/v0 v0x1692320_0, 0, 0;
    %ix/load 0, 4, 0;
    %assign/v0 v0x1691ee0_0, 0, 0;
    %jmp T_0.1;
T_0.0 ;
    %load/v 8, v0x1692160_0, 2;
    %cmpi/u 8, 0, 2;
    %jmp/1 T_0.2, 6;
    %cmpi/u 8, 1, 2;
    %jmp/1 T_0.3, 6;
    %jmp T_0.4;
T_0.2 ;
    %ix/load 0, 1, 0;
    %assign/v0 v0x1692320_0, 0, 0;
    %load/v 8, v0x16921e0_0, 1;
    %jmp/0xz  T_0.5, 8;
    %ix/load 0, 1, 0;
    %assign/v0 v0x16922a0_0, 0, 0;
    %ix/load 0, 4, 0;
    %assign/v0 v0x1691ee0_0, 0, 0;
    %movi 8, 1, 2;
    %ix/load 0, 2, 0;
    %assign/v0 v0x1692160_0, 0, 8;
T_0.5 ;
    %jmp T_0.4;
T_0.3 ;
    %ix/getv 1, v0x1691ee0_0;
    %jmp/1 T_0.7, 4;
    %load/x1p 8, v0x1692000_0, 1;
    %jmp T_0.8;
T_0.7 ;
    %mov 8, 2, 1;
T_0.8 ;
; Save base=8 wid=1 in lookaside.
    %ix/load 0, 1, 0;
    %assign/v0 v0x16922a0_0, 0, 8;
    %load/v 8, v0x1691ee0_0, 4;
    %mov 12, 0, 28;
    %addi 8, 1, 32;
    %ix/load 0, 4, 0;
    %assign/v0 v0x1691ee0_0, 0, 8;
    %load/v 8, v0x1691ee0_0, 4;
    %mov 12, 0, 2;
    %cmpi/u 8, 8, 6;
    %jmp/0xz  T_0.9, 4;
    %ix/load 0, 2, 0;
    %assign/v0 v0x1692160_0, 0, 0;
    %ix/load 0, 1, 0;
    %assign/v0 v0x1692320_0, 0, 1;
T_0.9 ;
    %jmp T_0.4;
T_0.4 ;
T_0.1 ;
    %jmp T_0;
    .thread T_0;
    .scope S_0x1673800;
T_1 ;
    %wait E_0x1662b20;
    %load/v 8, v0x16919e0_0, 1;
    %jmp/0xz  T_1.0, 8;
    %ix/load 0, 2, 0;
    %assign/v0 v0x1691c10_0, 0, 0;
    %ix/load 0, 1, 0;
    %assign/v0 v0x1691b30_0, 0, 0;
    %ix/load 0, 4, 0;
    %assign/v0 v0x1670d00_0, 0, 0;
    %jmp T_1.1;
T_1.0 ;
    %load/v 8, v0x1691c10_0, 2;
    %cmpi/u 8, 0, 2;
    %jmp/1 T_1.2, 6;
    %cmpi/u 8, 1, 2;
    %jmp/1 T_1.3, 6;
    %jmp T_1.4;
T_1.2 ;
    %ix/load 0, 1, 0;
    %assign/v0 v0x1691b30_0, 0, 0;
    %load/v 8, v0x1691a90_0, 1;
    %mov 9, 0, 1;
    %cmpi/u 8, 0, 2;
    %jmp/0xz  T_1.5, 4;
    %ix/load 0, 4, 0;
    %assign/v0 v0x1670d00_0, 0, 0;
    %movi 8, 1, 2;
    %ix/load 0, 2, 0;
    %assign/v0 v0x1691c10_0, 0, 8;
T_1.5 ;
    %jmp T_1.4;
T_1.3 ;
    %load/v 8, v0x1691a90_0, 1;
    %ix/getv 1, v0x1670d00_0;
    %jmp/1 t_0, 4;
    %ix/load 0, 1, 0;
    %assign/v0/x1 v0x1691940_0, 0, 8;
t_0 ;
    %load/v 8, v0x1670d00_0, 4;
    %mov 12, 0, 28;
    %addi 8, 1, 32;
    %ix/load 0, 4, 0;
    %assign/v0 v0x1670d00_0, 0, 8;
    %load/v 8, v0x1670d00_0, 4;
    %mov 12, 0, 2;
    %cmpi/u 8, 8, 6;
    %jmp/0xz  T_1.7, 4;
    %ix/load 0, 2, 0;
    %assign/v0 v0x1691c10_0, 0, 0;
    %ix/load 0, 1, 0;
    %assign/v0 v0x1691b30_0, 0, 1;
T_1.7 ;
    %jmp T_1.4;
T_1.4 ;
T_1.1 ;
    %jmp T_1;
    .thread T_1;
    .scope S_0x164fae0;
T_2 ;
    %delay 5000, 0;
    %load/v 8, v0x16923f0_0, 1;
    %inv 8, 1;
    %set/v v0x16923f0_0, 8, 1;
    %jmp T_2;
    .thread T_2;
    .scope S_0x164fae0;
T_3 ;
    %movi 8, 161, 8;
   %ix/load 1, 0, 0;
   %ix/load 3, 0, 0;
   %set/av v0x1692780, 8, 8;
    %movi 8, 178, 8;
   %ix/load 1, 0, 0;
   %ix/load 3, 1, 0;
   %set/av v0x1692780, 8, 8;
    %movi 8, 195, 8;
   %ix/load 1, 0, 0;
   %ix/load 3, 2, 0;
   %set/av v0x1692780, 8, 8;
    %movi 8, 212, 8;
   %ix/load 1, 0, 0;
   %ix/load 3, 3, 0;
   %set/av v0x1692780, 8, 8;
    %movi 8, 229, 8;
   %ix/load 1, 0, 0;
   %ix/load 3, 4, 0;
   %set/av v0x1692780, 8, 8;
    %movi 8, 246, 8;
   %ix/load 1, 0, 0;
   %ix/load 3, 5, 0;
   %set/av v0x1692780, 8, 8;
    %movi 8, 7, 8;
   %ix/load 1, 0, 0;
   %ix/load 3, 6, 0;
   %set/av v0x1692780, 8, 8;
    %movi 8, 24, 8;
   %ix/load 1, 0, 0;
   %ix/load 3, 7, 0;
   %set/av v0x1692780, 8, 8;
    %movi 8, 41, 8;
   %ix/load 1, 0, 0;
   %ix/load 3, 8, 0;
   %set/av v0x1692780, 8, 8;
    %movi 8, 58, 8;
   %ix/load 1, 0, 0;
   %ix/load 3, 9, 0;
   %set/av v0x1692780, 8, 8;
    %set/v v0x16923f0_0, 0, 1;
    %set/v v0x1692580_0, 1, 1;
    %set/v v0x1692800_0, 0, 1;
    %vpi_call 2 55 "$dumpfile", "uart_test.vcd";
    %vpi_call 2 56 "$dumpvars", 1'sb0, S_0x164fae0;
    %delay 20000, 0;
    %set/v v0x1692580_0, 0, 1;
    %delay 20000, 0;
    %set/v v0x16924e0_0, 0, 32;
T_3.0 ;
    %load/v 8, v0x16924e0_0, 32;
   %cmpi/s 8, 10, 32;
    %jmp/0xz T_3.1, 5;
    %delay 20000, 0;
    %set/v v0x1692800_0, 1, 1;
    %delay 20000, 0;
    %set/v v0x1692800_0, 0, 1;
T_3.2 ;
    %load/v 8, v0x16929a0_0, 1;
    %cmpi/u 8, 1, 1;
    %inv 6, 1;
    %jmp/0xz T_3.3, 6;
    %wait E_0x1664de0;
    %jmp T_3.2;
T_3.3 ;
    %delay 20000, 0;
T_3.4 ;
    %load/v 8, v0x16926d0_0, 1;
    %cmpi/u 8, 1, 1;
    %inv 6, 1;
    %jmp/0xz T_3.5, 6;
    %wait E_0x164ed00;
    %jmp T_3.4;
T_3.5 ;
    %load/v 8, v0x1692650_0, 8;
    %ix/getv/s 3, v0x16924e0_0;
    %load/av 16, v0x1692780, 8;
    %cmp/u 8, 16, 8;
    %inv 6, 1;
    %jmp/0xz  T_3.6, 6;
    %vpi_call 2 76 "$display", "Test case %d failed: Sent %h, Received %h", v0x16924e0_0, &A<v0x1692780, v0x16924e0_0 >, v0x1692650_0;
    %jmp T_3.7;
T_3.6 ;
    %vpi_call 2 78 "$display", "Test case %d passed: Sent %h, Received %h", v0x16924e0_0, &A<v0x1692780, v0x16924e0_0 >, v0x1692650_0;
T_3.7 ;
    %delay 100000, 0;
    %ix/load 0, 1, 0;
    %load/vp0/s 8, v0x16924e0_0, 32;
    %set/v v0x16924e0_0, 8, 32;
    %jmp T_3.0;
T_3.1 ;
    %vpi_call 2 84 "$display", "Testing completed";
    %vpi_call 2 85 "$finish";
    %end;
    .thread T_3;
# The file index is used to find the file name in the following table.
:file_names 4;
    "N/A";
    "<interactive>";
    "testbench.sv";
    "design.sv";
